\BOOKMARK [0][-]{chapter.1}{\376\377\000C\000o\000m\000o\000\040\000F\000u\000n\000c\000i\000o\000n\000a\000\040\000a\000\040\000I\000n\000t\000e\000r\000n\000e\000t}{}% 1
\BOOKMARK [0][-]{chapter.2}{\376\377\000H\000y\000p\000e\000r\000t\000e\000x\000t\000\040\000T\000r\000a\000n\000s\000f\000e\000r\000\040\000P\000r\000o\000t\000o\000c\000o\000l\000\040\040\023\000\040\000H\000T\000T\000P}{}% 2
\BOOKMARK [1][-]{section.2.1}{\376\377\000O\000s\000\040\000V\000e\000r\000b\000o\000s\000\040\000H\000T\000T\000P}{chapter.2}% 3
\BOOKMARK [2][-]{subsection.2.1.1}{\376\377\000C\000r\000i\000a\000r\000\040\040\023\000\040\000P\000O\000S\000T}{section.2.1}% 4
\BOOKMARK [2][-]{subsection.2.1.2}{\376\377\000L\000e\000r\000\040\040\023\000\040\000G\000E\000T}{section.2.1}% 5
\BOOKMARK [2][-]{subsection.2.1.3}{\376\377\000A\000t\000u\000a\000l\000i\000z\000a\000r\000\040\040\023\000\040\000P\000U\000T}{section.2.1}% 6
\BOOKMARK [2][-]{subsection.2.1.4}{\376\377\000A\000t\000u\000a\000l\000i\000z\000a\000r\000\040\040\023\000\040\000P\000A\000T\000C\000H}{section.2.1}% 7
\BOOKMARK [2][-]{subsection.2.1.5}{\376\377\000D\000e\000l\000e\000t\000a\000r\000\040\040\023\000\040\000D\000E\000L\000E\000T\000E}{section.2.1}% 8
\BOOKMARK [2][-]{subsection.2.1.6}{\376\377\000H\000E\000A\000D}{section.2.1}% 9
\BOOKMARK [2][-]{subsection.2.1.7}{\376\377\000O\000P\000T\000I\000O\000N\000S}{section.2.1}% 10
\BOOKMARK [0][-]{chapter.3}{\376\377\000A\000p\000l\000i\000c\000a\000\347\000\343\000o\000\040\000C\000l\000i\000e\000n\000t\000e\000\040\000S\000e\000r\000v\000i\000d\000o\000r}{}% 11
\BOOKMARK [1][-]{section.3.1}{\376\377\000C\000\363\000d\000i\000g\000o\000s\000\040\000d\000e\000\040\000s\000t\000a\000t\000u\000s\000\040\000d\000e\000\040\000r\000e\000s\000p\000o\000s\000t\000a\000s\000\040\000H\000T\000T\000P}{chapter.3}% 12
\BOOKMARK [2][-]{subsection.3.1.1}{\376\377\000R\000e\000s\000p\000o\000s\000t\000a\000s\000\040\000d\000e\000\040\000i\000n\000f\000o\000r\000m\000a\000\347\000\343\000o\000\040\0001\000.\000x\000.\000x}{section.3.1}% 13
\BOOKMARK [2][-]{subsection.3.1.2}{\376\377\000R\000e\000s\000p\000o\000s\000t\000a\000s\000\040\000d\000e\000\040\000s\000u\000c\000e\000s\000s\000o\000\040\0002\000.\000x\000.\000x}{section.3.1}% 14
\BOOKMARK [2][-]{subsection.3.1.3}{\376\377\000R\000e\000d\000i\000r\000e\000c\000i\000o\000n\000a\000m\000e\000n\000t\000o\000s\000\040\0003\000.\000x\000.\000x}{section.3.1}% 15
\BOOKMARK [2][-]{subsection.3.1.4}{\376\377\000E\000r\000r\000o\000s\000\040\000d\000o\000\040\000c\000l\000i\000e\000n\000t\000e\000\040\0004\000.\000x\000.\000x}{section.3.1}% 16
\BOOKMARK [2][-]{subsection.3.1.5}{\376\377\000E\000r\000r\000o\000s\000\040\000d\000o\000\040\000s\000e\000r\000v\000i\000d\000o\000r\000\040\0005\000.\000x\000.\000x}{section.3.1}% 17
\BOOKMARK [0][-]{chapter.4}{\376\377\000B\000a\000n\000c\000o\000\040\000d\000e\000\040\000D\000a\000d\000o\000s\000\040\040\023\000\040\000U\000m\000\040\000L\000u\000g\000a\000r\000\040\000S\000a\000g\000r\000a\000d\000o}{}% 18
\BOOKMARK [1][-]{section.4.1}{\376\377\000R\000e\000l\000a\000c\000i\000o\000n\000a\000l\000\040\000o\000u\000\040\000N\000\343\000o\000\040\000R\000e\000l\000a\000c\000i\000o\000n\000a\000l\000\040\040\023\000\040\000E\000i\000s\000\040\000a\000\040\000Q\000u\000e\000s\000t\000\343\000o}{chapter.4}% 19
\BOOKMARK [0][-]{chapter.5}{\376\377\000A\000P\000I\000\040\040\023\000\040\000A\000p\000p\000l\000i\000c\000a\000t\000i\000o\000n\000\040\000P\000r\000o\000g\000r\000a\000m\000m\000i\000n\000g\000\040\000I\000n\000t\000e\000r\000f\000a\000c\000e}{}% 20
\BOOKMARK [0][-]{chapter.6}{\376\377\000O\000\040\000P\000a\000d\000r\000\343\000o\000\040\000S\000O\000A\000P}{}% 21
\BOOKMARK [0][-]{chapter.7}{\376\377\000O\000\040\000P\000a\000d\000r\000\343\000o\000\040\000R\000E\000S\000T}{}% 22
\BOOKMARK [0][-]{chapter.8}{\376\377\000N\000o\000s\000s\000a\000\040\000P\000r\000i\000m\000e\000i\000r\000a\000\040\000A\000P\000I\000\040\000S\000p\000r\000i\000n\000g\000\040\000B\000o\000o\000t}{}% 23
